# JRE version: OpenJDK Runtime Environment Temurin-21.0.6+7 (21.0.6+7) (build 21.0.6+7-LTS)
# Java VM: OpenJDK 64-Bit Server VM Temurin-21.0.6+7 (21.0.6+7-LTS, mixed mode, emulated-client, sharing, tiered, compressed oops, compressed class ptrs, g1 gc, windows-amd64)
GC Precious Log:
 CardTable entry size: 512
 Card Set container configuration: InlinePtr #cards 4 size 8 Array Of Cards #cards 16 size 48 Howl #buckets 8 coarsen threshold 3686 Howl Bitmap #cards 512 size 80 coarsen threshold 460 Card regions per heap region 1 cards per card region 4096
 CPUs: 8 total, 8 available
 Memory: 16002M
 Large Page Support: Disabled
 NUMA Support: Disabled
 Compressed Oops: Enabled (Zero based)
 Heap Region Size: 2M
 Heap Min Capacity: 8M
 Heap Initial Capacity: 252M
 Heap Max Capacity: 4002M
 Pre-touch: Disabled
 Parallel Workers: 8
 Concurrent Workers: 2
 Concurrent Refinement Workers: 8
 Periodic GC: Disabled
Heap:
 garbage-first heap   total 102400K, used 42321K [0x0000000705e00000, 0x0000000800000000)
  region size 2048K, 11 young (22528K), 4 survivors (8192K)
 Metaspace       used 63349K, committed 64064K, reserved 1114112K
  class space    used 8505K, committed 8832K, reserved 1048576K
GC Heap History (20 events):
Event: 1.905 GC heap before
{Heap before GC invocations=7 (full 0):
 garbage-first heap   total 157696K, used 102016K [0x0000000705e00000, 0x0000000800000000)
  region size 2048K, 45 young (92160K), 2 survivors (4096K)
 Metaspace       used 29926K, committed 30400K, reserved 1114112K
  class space    used 3961K, committed 4160K, reserved 1048576K
}
Event: 1.911 GC heap after
{Heap after GC invocations=8 (full 0):
 garbage-first heap   total 157696K, used 19948K [0x0000000705e00000, 0x0000000800000000)
  region size 2048K, 4 young (8192K), 4 survivors (8192K)
 Metaspace       used 29926K, committed 30400K, reserved 1114112K
  class space    used 3961K, committed 4160K, reserved 1048576K
}
Event: 2.163 GC heap before
{Heap before GC invocations=9 (full 0):
 garbage-first heap   total 69632K, used 52716K [0x0000000705e00000, 0x0000000800000000)
  region size 2048K, 20 young (40960K), 4 survivors (8192K)
 Metaspace       used 32621K, committed 33216K, reserved 1114112K
  class space    used 4276K, committed 4544K, reserved 1048576K
}
Event: 2.171 GC heap after
{Heap after GC invocations=10 (full 0):
 garbage-first heap   total 69632K, used 20916K [0x0000000705e00000, 0x0000000800000000)
  region size 2048K, 1 young (2048K), 1 survivors (2048K)
 Metaspace       used 32621K, committed 33216K, reserved 1114112K
  class space    used 4276K, committed 4544K, reserved 1048576K
}
Event: 2.366 GC heap before
{Heap before GC invocations=10 (full 0):
 garbage-first heap   total 69632K, used 57780K [0x0000000705e00000, 0x0000000800000000)
  region size 2048K, 20 young (40960K), 1 survivors (2048K)
 Metaspace       used 36271K, committed 36928K, reserved 1114112K
  class space    used 4773K, committed 5056K, reserved 1048576K
}
Event: 2.368 GC heap after
{Heap after GC invocations=11 (full 0):
 garbage-first heap   total 69632K, used 21746K [0x0000000705e00000, 0x0000000800000000)
  region size 2048K, 2 young (4096K), 2 survivors (4096K)
 Metaspace       used 36271K, committed 36928K, reserved 1114112K
  class space    used 4773K, committed 5056K, reserved 1048576K
}
Event: 2.499 GC heap before
{Heap before GC invocations=11 (full 0):
 garbage-first heap   total 69632K, used 56562K [0x0000000705e00000, 0x0000000800000000)
  region size 2048K, 19 young (38912K), 2 survivors (4096K)
 Metaspace       used 39350K, committed 40000K, reserved 1114112K
  class space    used 5317K, committed 5632K, reserved 1048576K
}
Event: 2.501 GC heap after
{Heap after GC invocations=12 (full 0):
 garbage-first heap   total 69632K, used 22237K [0x0000000705e00000, 0x0000000800000000)
  region size 2048K, 2 young (4096K), 2 survivors (4096K)
 Metaspace       used 39350K, committed 40000K, reserved 1114112K
  class space    used 5317K, committed 5632K, reserved 1048576K
}
Event: 2.682 GC heap before
{Heap before GC invocations=12 (full 0):
 garbage-first heap   total 69632K, used 55005K [0x0000000705e00000, 0x0000000800000000)
  region size 2048K, 19 young (38912K), 2 survivors (4096K)
 Metaspace       used 44155K, committed 44736K, reserved 1114112K
  class space    used 5865K, committed 6144K, reserved 1048576K
}
Event: 2.685 GC heap after
{Heap after GC invocations=13 (full 0):
 garbage-first heap   total 83968K, used 24221K [0x0000000705e00000, 0x0000000800000000)
  region size 2048K, 3 young (6144K), 3 survivors (6144K)
 Metaspace       used 44155K, committed 44736K, reserved 1114112K
  class space    used 5865K, committed 6144K, reserved 1048576K
}
Event: 2.965 GC heap before
{Heap before GC invocations=13 (full 0):
 garbage-first heap   total 83968K, used 65181K [0x0000000705e00000, 0x0000000800000000)
  region size 2048K, 24 young (49152K), 3 survivors (6144K)
 Metaspace       used 49529K, committed 50112K, reserved 1114112K
  class space    used 6587K, committed 6848K, reserved 1048576K
}
Event: 2.969 GC heap after
{Heap after GC invocations=14 (full 0):
 garbage-first heap   total 83968K, used 25121K [0x0000000705e00000, 0x0000000800000000)
  region size 2048K, 2 young (4096K), 2 survivors (4096K)
 Metaspace       used 49529K, committed 50112K, reserved 1114112K
  class space    used 6587K, committed 6848K, reserved 1048576K
}
Event: 2.995 GC heap before
{Heap before GC invocations=14 (full 0):
 garbage-first heap   total 83968K, used 31265K [0x0000000705e00000, 0x0000000800000000)
  region size 2048K, 6 young (12288K), 2 survivors (4096K)
 Metaspace       used 50254K, committed 50816K, reserved 1114112K
  class space    used 6654K, committed 6912K, reserved 1048576K
}
Event: 2.997 GC heap after
{Heap after GC invocations=15 (full 0):
 garbage-first heap   total 83968K, used 25415K [0x0000000705e00000, 0x0000000800000000)
  region size 2048K, 2 young (4096K), 2 survivors (4096K)
 Metaspace       used 50254K, committed 50816K, reserved 1114112K
  class space    used 6654K, committed 6912K, reserved 1048576K
}
Event: 3.314 GC heap before
{Heap before GC invocations=16 (full 0):
 garbage-first heap   total 83968K, used 68423K [0x0000000705e00000, 0x0000000800000000)
  region size 2048K, 24 young (49152K), 2 survivors (4096K)
 Metaspace       used 54203K, committed 54848K, reserved 1114112K
  class space    used 7306K, committed 7616K, reserved 1048576K
}
Event: 3.317 GC heap after
{Heap after GC invocations=17 (full 0):
 garbage-first heap   total 83968K, used 27659K [0x0000000705e00000, 0x0000000800000000)
  region size 2048K, 3 young (6144K), 3 survivors (6144K)
 Metaspace       used 54203K, committed 54848K, reserved 1114112K
  class space    used 7306K, committed 7616K, reserved 1048576K
}
Event: 3.622 GC heap before
{Heap before GC invocations=17 (full 0):
 garbage-first heap   total 83968K, used 70667K [0x0000000705e00000, 0x0000000800000000)
  region size 2048K, 24 young (49152K), 3 survivors (6144K)
 Metaspace       used 57223K, committed 57856K, reserved 1114112K
  class space    used 7748K, committed 8000K, reserved 1048576K
}
Event: 3.626 GC heap after
{Heap after GC invocations=18 (full 0):
 garbage-first heap   total 102400K, used 29337K [0x0000000705e00000, 0x0000000800000000)
  region size 2048K, 3 young (6144K), 3 survivors (6144K)
 Metaspace       used 57223K, committed 57856K, reserved 1114112K
  class space    used 7748K, committed 8000K, reserved 1048576K
}
Event: 6.923 GC heap before
{Heap before GC invocations=18 (full 0):
 garbage-first heap   total 102400K, used 82585K [0x0000000705e00000, 0x0000000800000000)
  region size 2048K, 30 young (61440K), 3 survivors (6144K)
 Metaspace       used 62022K, committed 62784K, reserved 1114112K
  class space    used 8369K, committed 8704K, reserved 1048576K
}
Event: 6.927 GC heap after
{Heap after GC invocations=19 (full 0):
 garbage-first heap   total 102400K, used 32081K [0x0000000705e00000, 0x0000000800000000)
  region size 2048K, 4 young (8192K), 4 survivors (8192K)
 Metaspace       used 62022K, committed 62784K, reserved 1114112K
  class space    used 8369K, committed 8704K, reserved 1048576K
}

